  nsarray.cpp
C:\Users\Brandon\source\repos\bfforsythe\CS-311\NearlySmartArray\nsarray.h(34,1): error C3533: a parameter cannot have a type that contains 'auto'
C:\Users\Brandon\source\repos\bfforsythe\CS-311\NearlySmartArray\nsarray.h(51): message : see reference to class template instantiation 'NSArray<T>' being compiled
C:\Users\Brandon\source\repos\bfforsythe\CS-311\NearlySmartArray\nsarray.h(17,11): error C2065: 'SIZE': undeclared identifier
C:\Users\Brandon\source\repos\bfforsythe\CS-311\NearlySmartArray\nsarray.h(17,11): error C3861: 'SIZE': identifier not found
C:\Users\Brandon\source\repos\bfforsythe\CS-311\NearlySmartArray\nsarray.h(18,4): error C2065: 'cout': undeclared identifier
C:\Users\Brandon\source\repos\bfforsythe\CS-311\NearlySmartArray\nsarray.h(18,4): error C3861: 'cout': identifier not found
C:\Users\Brandon\source\repos\bfforsythe\CS-311\NearlySmartArray\nsarray.h(18,37): error C3861: 'endl': identifier not found
C:\Users\Brandon\source\repos\bfforsythe\CS-311\NearlySmartArray\nsarray.h(20,11): error C3861: 'arr': identifier not found
C:\Users\Brandon\source\repos\bfforsythe\CS-311\NearlySmartArray\nsarray.h(23,10): error C3861: 'arr': identifier not found
C:\Users\Brandon\source\repos\bfforsythe\CS-311\NearlySmartArray\nsarray.h(18,37): error C2065: 'endl': undeclared identifier
C:\Users\Brandon\source\repos\bfforsythe\CS-311\NearlySmartArray\nsarray.h(20,11): error C2065: 'arr': undeclared identifier
C:\Users\Brandon\source\repos\bfforsythe\CS-311\NearlySmartArray\nsarray.h(23,10): error C2065: 'arr': undeclared identifier
C:\Users\Brandon\source\repos\bfforsythe\CS-311\NearlySmartArray\nsarray.h(26,5): error C2760: syntax error: 'constant' was unexpected here; expected 'id-expression'
C:\Users\Brandon\source\repos\bfforsythe\CS-311\NearlySmartArray\nsarray.h(26,7): error C2760: syntax error: ';' was unexpected here; expected 'expression'
C:\Users\Brandon\source\repos\bfforsythe\CS-311\NearlySmartArray\nsarray.h(27,2): error C2760: syntax error: '}' was unexpected here; expected ';'
C:\Users\Brandon\source\repos\bfforsythe\CS-311\NearlySmartArray\nsarray.h(25,1): error C3878: syntax error: unexpected token 'End of Token Stream' following 'simple_declaration'
C:\Users\Brandon\source\repos\bfforsythe\CS-311\NearlySmartArray\nsarray.h(25,1): error C3878: syntax error: unexpected token 'End of Token Stream' following 'statement'
C:\Users\Brandon\source\repos\bfforsythe\CS-311\NearlySmartArray\nsarray.h(25,1): error C3878: syntax error: unexpected token 'End of Token Stream' following 'statement_seq'
C:\Users\Brandon\source\repos\bfforsythe\CS-311\NearlySmartArray\nsarray.h(25,1): message : missing one of:  '}' ?
C:\Users\Brandon\source\repos\bfforsythe\CS-311\NearlySmartArray\nsarray.h(25,1): error C2760: syntax error: 'End of Token Stream' was unexpected here; expected '}'
C:\Users\Brandon\source\repos\bfforsythe\CS-311\NearlySmartArray\nsarray.h(31,14): error C2760: syntax error: ';' was unexpected here; expected 'expression'
C:\Users\Brandon\source\repos\bfforsythe\CS-311\NearlySmartArray\nsarray.h(32,2): error C2760: syntax error: '}' was unexpected here; expected ';'
C:\Users\Brandon\source\repos\bfforsythe\CS-311\NearlySmartArray\nsarray.h(30,1): error C3878: syntax error: unexpected token 'End of Token Stream' following 'simple_declaration'
C:\Users\Brandon\source\repos\bfforsythe\CS-311\NearlySmartArray\nsarray.h(30,1): error C3878: syntax error: unexpected token 'End of Token Stream' following 'statement'
C:\Users\Brandon\source\repos\bfforsythe\CS-311\NearlySmartArray\nsarray.h(30,1): error C3878: syntax error: unexpected token 'End of Token Stream' following 'statement_seq'
C:\Users\Brandon\source\repos\bfforsythe\CS-311\NearlySmartArray\nsarray.h(30,1): message : missing one of:  '}' ?
C:\Users\Brandon\source\repos\bfforsythe\CS-311\NearlySmartArray\nsarray.h(30,1): error C2760: syntax error: 'End of Token Stream' was unexpected here; expected '}'
C:\Users\Brandon\source\repos\bfforsythe\CS-311\NearlySmartArray\nsarray.h(35,25): error C2760: syntax error: ';' was unexpected here; expected 'expression'
C:\Users\Brandon\source\repos\bfforsythe\CS-311\NearlySmartArray\nsarray.h(36,2): error C2760: syntax error: '}' was unexpected here; expected ';'
C:\Users\Brandon\source\repos\bfforsythe\CS-311\NearlySmartArray\nsarray.h(34,1): error C3878: syntax error: unexpected token 'End of Token Stream' following 'simple_declaration'
C:\Users\Brandon\source\repos\bfforsythe\CS-311\NearlySmartArray\nsarray.h(34,1): error C3878: syntax error: unexpected token 'End of Token Stream' following 'statement'
C:\Users\Brandon\source\repos\bfforsythe\CS-311\NearlySmartArray\nsarray.h(34,1): error C3878: syntax error: unexpected token 'End of Token Stream' following 'statement_seq'
C:\Users\Brandon\source\repos\bfforsythe\CS-311\NearlySmartArray\nsarray.h(34,1): message : missing one of:  '}' ?
C:\Users\Brandon\source\repos\bfforsythe\CS-311\NearlySmartArray\nsarray.h(34,1): error C2760: syntax error: 'End of Token Stream' was unexpected here; expected '}'
C:\Users\Brandon\source\repos\bfforsythe\CS-311\NearlySmartArray\nsarray.cpp(2,10): warning C4067: unexpected tokens following preprocessor directive - expected a newline
C:\Users\Brandon\source\repos\bfforsythe\CS-311\NearlySmartArray\nsarray.cpp(13,16): error C2514: 'NSArray': class template cannot be constructed
C:\Users\Brandon\source\repos\bfforsythe\CS-311\NearlySmartArray\nsarray.h(7): message : see declaration of 'NSArray'
C:\Users\Brandon\source\repos\bfforsythe\CS-311\NearlySmartArray\nsarray.cpp(16,28): error C2039: 'size': is not a member of 'NSArray<int>'
C:\Users\Brandon\source\repos\bfforsythe\CS-311\NearlySmartArray\nsarray.cpp(10): message : see declaration of 'NSArray<int>'
C:\Users\Brandon\source\repos\bfforsythe\CS-311\NearlySmartArray\nsarray.cpp(22,19): error C2672: 'begin': no matching overloaded function found
C:\Program Files\Microsoft Visual Studio\2022\Community\VC\Tools\MSVC\14.33.31629\include\xutility(1937,27): message : could be '_Ty *std::begin(_Ty (&)[_Size]) noexcept'
C:\Users\Brandon\source\repos\bfforsythe\CS-311\NearlySmartArray\nsarray.cpp(22,19): message : '_Ty *std::begin(_Ty (&)[_Size]) noexcept': could not deduce template argument for '_Ty (&)[_Size]' from 'NSArray<int>'
C:\Program Files\Microsoft Visual Studio\2022\Community\VC\Tools\MSVC\14.33.31629\include\xutility(1937): message : see declaration of 'std::begin'
C:\Program Files\Microsoft Visual Studio\2022\Community\VC\Tools\MSVC\14.33.31629\include\xutility(1922,30): message : or       'unknown-type std::begin(const _Container &)'
C:\Users\Brandon\source\repos\bfforsythe\CS-311\NearlySmartArray\nsarray.cpp(22,19): message : Failed to specialize function template 'unknown-type std::begin(const _Container &)'
C:\Program Files\Microsoft Visual Studio\2022\Community\VC\Tools\MSVC\14.33.31629\include\xutility(1922): message : see declaration of 'std::begin'
C:\Users\Brandon\source\repos\bfforsythe\CS-311\NearlySmartArray\nsarray.cpp(23,5): message : With the following template arguments:
C:\Users\Brandon\source\repos\bfforsythe\CS-311\NearlySmartArray\nsarray.cpp(23,5): message : '_Container=NSArray<int>'
C:\Program Files\Microsoft Visual Studio\2022\Community\VC\Tools\MSVC\14.33.31629\include\xutility(1917,30): message : or       'unknown-type std::begin(_Container &)'
C:\Users\Brandon\source\repos\bfforsythe\CS-311\NearlySmartArray\nsarray.cpp(22,19): message : Failed to specialize function template 'unknown-type std::begin(_Container &)'
C:\Program Files\Microsoft Visual Studio\2022\Community\VC\Tools\MSVC\14.33.31629\include\xutility(1917): message : see declaration of 'std::begin'
C:\Users\Brandon\source\repos\bfforsythe\CS-311\NearlySmartArray\nsarray.cpp(23,5): message : With the following template arguments:
C:\Users\Brandon\source\repos\bfforsythe\CS-311\NearlySmartArray\nsarray.cpp(23,5): message : '_Container=NSArray<int>'
C:\Program Files\Microsoft Visual Studio\2022\Community\VC\Tools\MSVC\14.33.31629\include\initializer_list(55,35): message : or       'const _Elem *std::begin(std::initializer_list<_Elem>) noexcept'
C:\Users\Brandon\source\repos\bfforsythe\CS-311\NearlySmartArray\nsarray.cpp(22,19): message : 'const _Elem *std::begin(std::initializer_list<_Elem>) noexcept': could not deduce template argument for 'std::initializer_list<_Elem>' from 'NSArray<int>'
C:\Program Files\Microsoft Visual Studio\2022\Community\VC\Tools\MSVC\14.33.31629\include\initializer_list(55): message : see declaration of 'std::begin'
C:\Users\Brandon\source\repos\bfforsythe\CS-311\NearlySmartArray\nsarray.cpp(22,19): message : 'const _Elem *std::begin(std::initializer_list<_Elem>) noexcept': could not deduce template argument for 'std::initializer_list<_Elem>' from 'NSArray<int>'
C:\Program Files\Microsoft Visual Studio\2022\Community\VC\Tools\MSVC\14.33.31629\include\initializer_list(55): message : see declaration of 'std::begin'
C:\Users\Brandon\source\repos\bfforsythe\CS-311\NearlySmartArray\nsarray.cpp(22,19): error C2672: 'end': no matching overloaded function found
C:\Program Files\Microsoft Visual Studio\2022\Community\VC\Tools\MSVC\14.33.31629\include\xutility(1942,27): message : could be '_Ty *std::end(_Ty (&)[_Size]) noexcept'
C:\Users\Brandon\source\repos\bfforsythe\CS-311\NearlySmartArray\nsarray.cpp(22,19): message : '_Ty *std::end(_Ty (&)[_Size]) noexcept': could not deduce template argument for '_Ty (&)[_Size]' from 'NSArray<int>'
C:\Program Files\Microsoft Visual Studio\2022\Community\VC\Tools\MSVC\14.33.31629\include\xutility(1942): message : see declaration of 'std::end'
C:\Program Files\Microsoft Visual Studio\2022\Community\VC\Tools\MSVC\14.33.31629\include\xutility(1932,30): message : or       'unknown-type std::end(const _Container &)'
C:\Users\Brandon\source\repos\bfforsythe\CS-311\NearlySmartArray\nsarray.cpp(22,19): message : Failed to specialize function template 'unknown-type std::end(const _Container &)'
C:\Program Files\Microsoft Visual Studio\2022\Community\VC\Tools\MSVC\14.33.31629\include\xutility(1932): message : see declaration of 'std::end'
C:\Users\Brandon\source\repos\bfforsythe\CS-311\NearlySmartArray\nsarray.cpp(23,5): message : With the following template arguments:
C:\Users\Brandon\source\repos\bfforsythe\CS-311\NearlySmartArray\nsarray.cpp(23,5): message : '_Container=NSArray<int>'
C:\Program Files\Microsoft Visual Studio\2022\Community\VC\Tools\MSVC\14.33.31629\include\xutility(1927,30): message : or       'unknown-type std::end(_Container &)'
C:\Users\Brandon\source\repos\bfforsythe\CS-311\NearlySmartArray\nsarray.cpp(22,19): message : Failed to specialize function template 'unknown-type std::end(_Container &)'
C:\Program Files\Microsoft Visual Studio\2022\Community\VC\Tools\MSVC\14.33.31629\include\xutility(1927): message : see declaration of 'std::end'
C:\Users\Brandon\source\repos\bfforsythe\CS-311\NearlySmartArray\nsarray.cpp(23,5): message : With the following template arguments:
C:\Users\Brandon\source\repos\bfforsythe\CS-311\NearlySmartArray\nsarray.cpp(23,5): message : '_Container=NSArray<int>'
C:\Program Files\Microsoft Visual Studio\2022\Community\VC\Tools\MSVC\14.33.31629\include\initializer_list(60,35): message : or       'const _Elem *std::end(std::initializer_list<_Elem>) noexcept'
C:\Users\Brandon\source\repos\bfforsythe\CS-311\NearlySmartArray\nsarray.cpp(22,19): message : 'const _Elem *std::end(std::initializer_list<_Elem>) noexcept': could not deduce template argument for 'std::initializer_list<_Elem>' from 'NSArray<int>'
C:\Program Files\Microsoft Visual Studio\2022\Community\VC\Tools\MSVC\14.33.31629\include\initializer_list(60): message : see declaration of 'std::end'
C:\Users\Brandon\source\repos\bfforsythe\CS-311\NearlySmartArray\nsarray.cpp(22,19): message : 'const _Elem *std::end(std::initializer_list<_Elem>) noexcept': could not deduce template argument for 'std::initializer_list<_Elem>' from 'NSArray<int>'
C:\Program Files\Microsoft Visual Studio\2022\Community\VC\Tools\MSVC\14.33.31629\include\initializer_list(60): message : see declaration of 'std::end'
C:\Users\Brandon\source\repos\bfforsythe\CS-311\NearlySmartArray\nsarray.cpp(23,5): error C3536: '<begin>$L0': cannot be used before it is initialized
C:\Users\Brandon\source\repos\bfforsythe\CS-311\NearlySmartArray\nsarray.cpp(23,5): error C3536: '<end>$L0': cannot be used before it is initialized
C:\Users\Brandon\source\repos\bfforsythe\CS-311\NearlySmartArray\nsarray.cpp(22,21): error C2100: illegal indirection
C:\Users\Brandon\source\repos\bfforsythe\CS-311\NearlySmartArray\nsarray.cpp(24,9): error C2065: 'cout': undeclared identifier
C:\Users\Brandon\source\repos\bfforsythe\CS-311\NearlySmartArray\nsarray.cpp(24,34): error C2065: 'endl': undeclared identifier
C:\Users\Brandon\source\repos\bfforsythe\CS-311\NearlySmartArray\nsarray.cpp(28,18): error C2676: binary '==': 'const NSArray<int>' does not define this operator or a conversion to a type acceptable to the predefined operator
C:\Users\Brandon\source\repos\bfforsythe\CS-311\NearlySmartArray\nsarray.cpp(29,9): error C2065: 'cout': undeclared identifier
C:\Users\Brandon\source\repos\bfforsythe\CS-311\NearlySmartArray\nsarray.cpp(29,29): error C2065: 'endl': undeclared identifier
C:\Users\Brandon\source\repos\bfforsythe\CS-311\NearlySmartArray\nsarray.cpp(33,13): error C2679: binary '=': no operator found which takes a right-hand operand of type 'NSArray<int>' (or there is no acceptable conversion)
C:\Users\Brandon\source\repos\bfforsythe\CS-311\NearlySmartArray\nsarray.h(48,11): message : could be 'NSArray<double> &NSArray<double>::operator =(NSArray<double> &&)'
C:\Users\Brandon\source\repos\bfforsythe\CS-311\NearlySmartArray\nsarray.h(46,11): message : or       'NSArray<double> &NSArray<double>::operator =(const NSArray<double> &)'
C:\Users\Brandon\source\repos\bfforsythe\CS-311\NearlySmartArray\nsarray.cpp(33,13): message : while trying to match the argument list '(NSArray<double>, NSArray<int>)'
C:\Users\Brandon\source\repos\bfforsythe\CS-311\NearlySmartArray\nsarray.cpp(35,17): error C2676: binary '==': 'NSArray<double>' does not define this operator or a conversion to a type acceptable to the predefined operator
C:\Users\Brandon\source\repos\bfforsythe\CS-311\NearlySmartArray\nsarray.cpp(36,9): error C2065: 'cout': undeclared identifier
C:\Users\Brandon\source\repos\bfforsythe\CS-311\NearlySmartArray\nsarray.cpp(36,32): error C2065: 'endl': undeclared identifier
